2021-02-12 14:37:04,902 +0100 [background-preinit] INFO  (Version.java:21) - 
HV000001: Hibernate Validator 6.0.16.Final
2021-02-12 14:37:05,522 +0100 [main] INFO  (StartupInfoLogger.java:50) - 
Starting eCommerceApplication on Sigves-MacBook-Pro.local with PID 15651 (started by Sigve in /Users/Sigve/Downloads/eCommerce/JDND/projects/P04-eCommerce Application)
2021-02-12 14:37:05,524 +0100 [main] INFO  (SpringApplication.java:675) - 
No active profile set, falling back to default profiles: default
2021-02-12 14:37:07,731 +0100 [main] INFO  (RepositoryConfigurationDelegate.java:126) - 
Bootstrapping Spring Data repositories in DEFAULT mode.
2021-02-12 14:37:07,929 +0100 [main] INFO  (RepositoryConfigurationDelegate.java:182) - 
Finished Spring Data repository scanning in 179ms. Found 4 repository interfaces.
2021-02-12 14:37:09,148 +0100 [main] INFO  (PostProcessorRegistrationDelegate.java:330) - 
Bean 'org.springframework.transaction.annotation.ProxyTransactionManagementConfiguration' of type [org.springframework.transaction.annotation.ProxyTransactionManagementConfiguration$$EnhancerBySpringCGLIB$$d666a83] is not eligible for getting processed by all BeanPostProcessors (for example: not eligible for auto-proxying)
2021-02-12 14:37:09,773 +0100 [main] INFO  (TomcatWebServer.java:90) - 
Tomcat initialized with port(s): 8080 (http)
2021-02-12 14:37:10,283 +0100 [main] INFO  (ServletWebServerApplicationContext.java:296) - 
Root WebApplicationContext: initialization completed in 4593 ms
2021-02-12 14:37:10,714 +0100 [main] INFO  (HikariDataSource.java:110) - 
HikariPool-1 - Starting...
2021-02-12 14:37:11,067 +0100 [main] INFO  (HikariDataSource.java:123) - 
HikariPool-1 - Start completed.
2021-02-12 14:37:11,440 +0100 [main] INFO  (LogHelper.java:31) - 
HHH000204: Processing PersistenceUnitInfo [
	name: default
	...]
2021-02-12 14:37:11,595 +0100 [main] INFO  (Version.java:46) - 
HHH000412: Hibernate Core {5.3.10.Final}
2021-02-12 14:37:11,599 +0100 [main] INFO  (Environment.java:213) - 
HHH000206: hibernate.properties not found
2021-02-12 14:37:11,912 +0100 [main] INFO  (JavaReflectionManager.java:49) - 
HCANN000001: Hibernate Commons Annotations {5.0.4.Final}
2021-02-12 14:37:12,190 +0100 [main] INFO  (Dialect.java:157) - 
HHH000400: Using dialect: org.hibernate.dialect.H2Dialect
2021-02-12 14:37:13,809 +0100 [main] INFO  (AbstractEntityManagerFactoryBean.java:415) - 
Initialized JPA EntityManagerFactory for persistence unit 'default'
2021-02-12 14:37:15,664 +0100 [main] WARN  (JpaBaseConfiguration.java:237) - 
spring.jpa.open-in-view is enabled by default. Therefore, database queries may be performed during view rendering. Explicitly configure spring.jpa.open-in-view to disable this warning
2021-02-12 14:37:15,803 +0100 [main] INFO  (DefaultSecurityFilterChain.java:43) - 
Creating filter chain: any request, [org.springframework.security.web.context.request.async.WebAsyncManagerIntegrationFilter@2435c6ae, org.springframework.security.web.context.SecurityContextPersistenceFilter@78508e6b, org.springframework.security.web.header.HeaderWriterFilter@44f23927, org.springframework.web.filter.CorsFilter@574f9e36, org.springframework.security.web.authentication.logout.LogoutFilter@6f36267d, com.example.demo.security.JWTAuthenticationFilter@77db231c, com.example.demo.security.JWTAuthenticationVerficationFilter@60b4d934, org.springframework.security.web.savedrequest.RequestCacheAwareFilter@2cc97e47, org.springframework.security.web.servletapi.SecurityContextHolderAwareRequestFilter@7112fa5, org.springframework.security.web.authentication.AnonymousAuthenticationFilter@6a3e633a, org.springframework.security.web.session.SessionManagementFilter@43de9fc9, org.springframework.security.web.access.ExceptionTranslationFilter@228958a, org.springframework.security.web.access.intercept.FilterSecurityInterceptor@7d483ebe]
2021-02-12 14:37:16,160 +0100 [main] INFO  (ExecutorConfigurationSupport.java:171) - 
Initializing ExecutorService 'applicationTaskExecutor'
2021-02-12 14:37:16,580 +0100 [main] INFO  (TomcatWebServer.java:204) - 
Tomcat started on port(s): 8080 (http) with context path ''
2021-02-12 14:37:16,601 +0100 [main] INFO  (StartupInfoLogger.java:59) - 
Started eCommerceApplication in 12.103 seconds (JVM running for 13.29)
2021-02-12 14:37:26,454 +0100 [http-nio-8080-exec-1] INFO  (FrameworkServlet.java:524) - 
Initializing Servlet 'dispatcherServlet'
2021-02-12 14:37:26,507 +0100 [http-nio-8080-exec-1] INFO  (FrameworkServlet.java:546) - 
Completed initialization in 52 ms
2021-02-12 14:37:27,191 +0100 [http-nio-8080-exec-1] INFO  (UserController.java:51) - 
Username set with value: test
